# JRE version: OpenJDK Runtime Environment (8.0_202-b03) (build 1.8.0_202-release-1483-b03)
# Java VM: OpenJDK 64-Bit Server VM (25.202-b03 mixed mode windows-amd64 compressed oops)
Heap:
 PSYoungGen      total 192512K, used 171056K [0x00000000e0000000, 0x00000000f1280000, 0x0000000100000000)
  eden space 141824K, 93% used [0x00000000e0000000,0x00000000e8209338,0x00000000e8a80000)
  from space 50688K, 74% used [0x00000000e8a80000,0x00000000eaf82ef0,0x00000000ebc00000)
  to   space 53760K, 0% used [0x00000000ede00000,0x00000000ede00000,0x00000000f1280000)
 ParOldGen       total 187392K, used 64009K [0x00000000a0000000, 0x00000000ab700000, 0x00000000e0000000)
  object space 187392K, 34% used [0x00000000a0000000,0x00000000a3e826c8,0x00000000ab700000)
 Metaspace       used 99951K, capacity 103956K, committed 104268K, reserved 1140736K
  class space    used 13036K, capacity 13848K, committed 13940K, reserved 1048576K
GC Heap History (10 events):
Event: 240.089 GC heap before
{Heap before GC invocations=29 (full 3):
 PSYoungGen      total 151040K, used 102463K [0x00000000e0000000, 0x00000000ed280000, 0x0000000100000000)
  eden space 108032K, 65% used [0x00000000e0000000,0x00000000e44b9ab0,0x00000000e6980000)
  from space 43008K, 74% used [0x00000000e6980000,0x00000000e88d6228,0x00000000e9380000)
  to   space 45568K, 0% used [0x00000000ea600000,0x00000000ea600000,0x00000000ed280000)
 ParOldGen       total 127488K, used 53195K [0x00000000a0000000, 0x00000000a7c80000, 0x00000000e0000000)
  object space 127488K, 41% used [0x00000000a0000000,0x00000000a33f2dd8,0x00000000a7c80000)
 Metaspace       used 94802K, capacity 98226K, committed 98380K, reserved 1134592K
  class space    used 12327K, capacity 13075K, committed 13172K, reserved 1048576K
Event: 240.184 GC heap after
Heap after GC invocations=29 (full 3):
 PSYoungGen      total 168448K, used 30718K [0x00000000e0000000, 0x00000000ed980000, 0x0000000100000000)
  eden space 122880K, 0% used [0x00000000e0000000,0x00000000e0000000,0x00000000e7800000)
  from space 45568K, 67% used [0x00000000ea600000,0x00000000ec3ffa18,0x00000000ed280000)
  to   space 47104K, 0% used [0x00000000e7800000,0x00000000e7800000,0x00000000ea600000)
 ParOldGen       total 127488K, used 58131K [0x00000000a0000000, 0x00000000a7c80000, 0x00000000e0000000)
  object space 127488K, 45% used [0x00000000a0000000,0x00000000a38c4d28,0x00000000a7c80000)
 Metaspace       used 94802K, capacity 98226K, committed 98380K, reserved 1134592K
  class space    used 12327K, capacity 13075K, committed 13172K, reserved 1048576K
}
Event: 240.184 GC heap before
{Heap before GC invocations=30 (full 4):
 PSYoungGen      total 168448K, used 30718K [0x00000000e0000000, 0x00000000ed980000, 0x0000000100000000)
  eden space 122880K, 0% used [0x00000000e0000000,0x00000000e0000000,0x00000000e7800000)
  from space 45568K, 67% used [0x00000000ea600000,0x00000000ec3ffa18,0x00000000ed280000)
  to   space 47104K, 0% used [0x00000000e7800000,0x00000000e7800000,0x00000000ea600000)
 ParOldGen       total 127488K, used 58131K [0x00000000a0000000, 0x00000000a7c80000, 0x00000000e0000000)
  object space 127488K, 45% used [0x00000000a0000000,0x00000000a38c4d28,0x00000000a7c80000)
 Metaspace       used 94802K, capacity 98226K, committed 98380K, reserved 1134592K
  class space    used 12327K, capacity 13075K, committed 13172K, reserved 1048576K
Event: 240.615 GC heap after
Heap after GC invocations=30 (full 4):
 PSYoungGen      total 168448K, used 0K [0x00000000e0000000, 0x00000000ed980000, 0x0000000100000000)
  eden space 122880K, 0% used [0x00000000e0000000,0x00000000e0000000,0x00000000e7800000)
  from space 45568K, 0% used [0x00000000ea600000,0x00000000ea600000,0x00000000ed280000)
  to   space 47104K, 0% used [0x00000000e7800000,0x00000000e7800000,0x00000000ea600000)
 ParOldGen       total 187392K, used 63985K [0x00000000a0000000, 0x00000000ab700000, 0x00000000e0000000)
  object space 187392K, 34% used [0x00000000a0000000,0x00000000a3e7c6c8,0x00000000ab700000)
 Metaspace       used 94751K, capacity 98094K, committed 98380K, reserved 1134592K
  class space    used 12309K, capacity 13045K, committed 13172K, reserved 1048576K
}
Event: 244.028 GC heap before
{Heap before GC invocations=31 (full 4):
 PSYoungGen      total 168448K, used 122880K [0x00000000e0000000, 0x00000000ed980000, 0x0000000100000000)
  eden space 122880K, 100% used [0x00000000e0000000,0x00000000e7800000,0x00000000e7800000)
  from space 45568K, 0% used [0x00000000ea600000,0x00000000ea600000,0x00000000ed280000)
  to   space 47104K, 0% used [0x00000000e7800000,0x00000000e7800000,0x00000000ea600000)
 ParOldGen       total 187392K, used 63985K [0x00000000a0000000, 0x00000000ab700000, 0x00000000e0000000)
  object space 187392K, 34% used [0x00000000a0000000,0x00000000a3e7c6c8,0x00000000ab700000)
 Metaspace       used 96260K, capacity 99828K, committed 100044K, reserved 1136640K
  class space    used 12461K, capacity 13218K, committed 13300K, reserved 1048576K
Event: 244.035 GC heap after
Heap after GC invocations=31 (full 4):
 PSYoungGen      total 169984K, used 4947K [0x00000000e0000000, 0x00000000eea00000, 0x0000000100000000)
  eden space 122880K, 0% used [0x00000000e0000000,0x00000000e0000000,0x00000000e7800000)
  from space 47104K, 10% used [0x00000000e7800000,0x00000000e7cd4ed8,0x00000000ea600000)
  to   space 47104K, 0% used [0x00000000ebc00000,0x00000000ebc00000,0x00000000eea00000)
 ParOldGen       total 187392K, used 63993K [0x00000000a0000000, 0x00000000ab700000, 0x00000000e0000000)
  object space 187392K, 34% used [0x00000000a0000000,0x00000000a3e7e6c8,0x00000000ab700000)
 Metaspace       used 96260K, capacity 99828K, committed 100044K, reserved 1136640K
  class space    used 12461K, capacity 13218K, committed 13300K, reserved 1048576K
}
Event: 246.194 GC heap before
{Heap before GC invocations=32 (full 4):
 PSYoungGen      total 169984K, used 127827K [0x00000000e0000000, 0x00000000eea00000, 0x0000000100000000)
  eden space 122880K, 100% used [0x00000000e0000000,0x00000000e7800000,0x00000000e7800000)
  from space 47104K, 10% used [0x00000000e7800000,0x00000000e7cd4ed8,0x00000000ea600000)
  to   space 47104K, 0% used [0x00000000ebc00000,0x00000000ebc00000,0x00000000eea00000)
 ParOldGen       total 187392K, used 63993K [0x00000000a0000000, 0x00000000ab700000, 0x00000000e0000000)
  object space 187392K, 34% used [0x00000000a0000000,0x00000000a3e7e6c8,0x00000000ab700000)
 Metaspace       used 97323K, capacity 101070K, committed 101196K, reserved 1136640K
  class space    used 12613K, capacity 13367K, committed 13428K, reserved 1048576K
Event: 246.267 GC heap after
Heap after GC invocations=32 (full 4):
 PSYoungGen      total 188928K, used 35978K [0x00000000e0000000, 0x00000000ef400000, 0x0000000100000000)
  eden space 141824K, 0% used [0x00000000e0000000,0x00000000e0000000,0x00000000e8a80000)
  from space 47104K, 76% used [0x00000000ebc00000,0x00000000edf22830,0x00000000eea00000)
  to   space 50688K, 0% used [0x00000000e8a80000,0x00000000e8a80000,0x00000000ebc00000)
 ParOldGen       total 187392K, used 64001K [0x00000000a0000000, 0x00000000ab700000, 0x00000000e0000000)
  object space 187392K, 34% used [0x00000000a0000000,0x00000000a3e806c8,0x00000000ab700000)
 Metaspace       used 97323K, capacity 101070K, committed 101196K, reserved 1136640K
  class space    used 12613K, capacity 13367K, committed 13428K, reserved 1048576K
}
Event: 248.106 GC heap before
{Heap before GC invocations=33 (full 4):
 PSYoungGen      total 188928K, used 177802K [0x00000000e0000000, 0x00000000ef400000, 0x0000000100000000)
  eden space 141824K, 100% used [0x00000000e0000000,0x00000000e8a80000,0x00000000e8a80000)
  from space 47104K, 76% used [0x00000000ebc00000,0x00000000edf22830,0x00000000eea00000)
  to   space 50688K, 0% used [0x00000000e8a80000,0x00000000e8a80000,0x00000000ebc00000)
 ParOldGen       total 187392K, used 64001K [0x00000000a0000000, 0x00000000ab700000, 0x00000000e0000000)
  object space 187392K, 34% used [0x00000000a0000000,0x00000000a3e806c8,0x00000000ab700000)
 Metaspace       used 97428K, capacity 101142K, committed 101452K, reserved 1136640K
  class space    used 12614K, capacity 13367K, committed 13428K, reserved 1048576K
Event: 248.167 GC heap after
Heap after GC invocations=33 (full 4):
 PSYoungGen      total 192512K, used 37899K [0x00000000e0000000, 0x00000000f1280000, 0x0000000100000000)
  eden space 141824K, 0% used [0x00000000e0000000,0x00000000e0000000,0x00000000e8a80000)
  from space 50688K, 74% used [0x00000000e8a80000,0x00000000eaf82ef0,0x00000000ebc00000)
  to   space 53760K, 0% used [0x00000000ede00000,0x00000000ede00000,0x00000000f1280000)
 ParOldGen       total 187392K, used 64009K [0x00000000a0000000, 0x00000000ab700000, 0x00000000e0000000)
  object space 187392K, 34% used [0x00000000a0000000,0x00000000a3e826c8,0x00000000ab700000)
 Metaspace       used 97428K, capacity 101142K, committed 101452K, reserved 1136640K
  class space    used 12614K, capacity 13367K, committed 13428K, reserved 1048576K
}

